<?xml version="1.0" encoding="UTF-8"?>
<!-- Generated by org.testng.reporters.JUnitXMLReporter -->
<testsuite ignored="1" hostname="Pragadeeswarans-MacBook-Air.local" failures="0" tests="3" name="Test" time="331.113" errors="0" timestamp="2022-10-25T23:14:28 BST">
  <testcase classname="com.testcases.API" name="postData" time="2.016"/>
  <testcase classname="com.testcases.CreateOrder" name="webcreateOrder" time="163.683"/>
  <testcase classname="com.testcases.MobileCreateOrder" name="mobilecreateOrder" time="164.995"/>
  <testcase classname="com.testcases.API" name="getData" time="0.0">
    <ignored/>
  </testcase> <!-- getData -->
</testsuite> <!-- Test -->
