<?xml version="1.0" encoding="UTF-8"?>
<!-- Generated by org.testng.reporters.JUnitXMLReporter -->
<testsuite ignored="0" hostname="Sahana" failures="1" tests="1" name="Test" time="156.612" errors="0" timestamp="2022-08-29T20:39:28 BST">
  <testcase classname="com.testcases.CreateOrder" name="createOrder" time="156.375">
    <failure type="java.lang.NullPointerException">
      <![CDATA[java.lang.NullPointerException
at java.base/java.util.concurrent.ConcurrentHashMap.putVal(ConcurrentHashMap.java:1011)
at java.base/java.util.concurrent.ConcurrentHashMap.put(ConcurrentHashMap.java:1006)
at com.testcases.CreateOrder.createOrder(CreateOrder.java:154)
at java.base/java.util.ArrayList.forEach(ArrayList.java:1511)
... Removed 25 stack frames]]>
    </failure>
  </testcase> <!-- createOrder -->
</testsuite> <!-- Test -->
