<?xml version="1.0" encoding="UTF-8"?>
<!-- Generated by org.testng.reporters.JUnitXMLReporter -->
<testsuite ignored="1" hostname="Pragadeeswarans-MacBook-Air.local" failures="0" tests="1" name="Default test" time="1.405" errors="0" timestamp="2022-10-27T14:42:25 BST">
  <testcase classname="com.testcases.API.API" name="postData" time="1.386"/>
  <testcase classname="com.testcases.API.API" name="getData" time="0.0">
    <ignored/>
  </testcase> <!-- getData -->
</testsuite> <!-- Default test -->
