<?xml version="1.0" encoding="UTF-8"?>
<!-- Generated by org.testng.reporters.JUnitXMLReporter -->
<testsuite ignored="1" hostname="Pragadeeswarans-MacBook-Air.local" failures="0" tests="1" name="Default test" time="1.24" errors="0" timestamp="2022-10-20T12:54:25 BST">
  <testcase classname="com.testcases.API" name="getData" time="1.217"/>
  <testcase classname="com.testcases.CreateOrder" name="createOrder" time="0.0">
    <ignored/>
  </testcase> <!-- createOrder -->
</testsuite> <!-- Default test -->
