<?xml version="1.0" encoding="UTF-8"?>
<testng-results ignored="1" total="2" passed="1" failed="0" skipped="0">
  <reporter-output>
  </reporter-output>
  <suite started-at="2022-10-20T12:54:24 BST" name="Default suite" finished-at="2022-10-20T12:54:25 BST" duration-ms="1240">
    <groups>
    </groups>
    <test started-at="2022-10-20T12:54:24 BST" name="Default test" finished-at="2022-10-20T12:54:25 BST" duration-ms="1240">
      <class name="com.testcases.CreateOrder">
        <test-method is-config="true" signature="loadProp()[pri:0, instance:com.testcases.CreateOrder@29a5f4e7]" started-at="2022-10-20T12:54:24 BST" name="loadProp" finished-at="2022-10-20T12:54:24 BST" duration-ms="1" status="PASS">
          <reporter-output>
          </reporter-output>
        </test-method> <!-- loadProp -->
        <test-method is-config="true" signature="afterTest()[pri:0, instance:com.testcases.CreateOrder@29a5f4e7]" started-at="2022-10-20T12:54:25 BST" name="afterTest" finished-at="2022-10-20T12:54:25 BST" duration-ms="0" status="PASS">
          <reporter-output>
          </reporter-output>
        </test-method> <!-- afterTest -->
      </class> <!-- com.testcases.CreateOrder -->
      <class name="com.testcases.API">
        <test-method is-config="true" signature="loadProp()[pri:0, instance:com.testcases.API@4b5189ac]" started-at="2022-10-20T12:54:24 BST" name="loadProp" finished-at="2022-10-20T12:54:24 BST" duration-ms="4" status="PASS">
          <reporter-output>
          </reporter-output>
        </test-method> <!-- loadProp -->
        <test-method signature="getData()[pri:0, instance:com.testcases.API@4b5189ac]" started-at="2022-10-20T12:54:24 BST" name="getData" finished-at="2022-10-20T12:54:25 BST" duration-ms="1217" status="PASS">
          <reporter-output>
          </reporter-output>
        </test-method> <!-- getData -->
      </class> <!-- com.testcases.API -->
    </test> <!-- Default test -->
  </suite> <!-- Default suite -->
</testng-results>
