<?xml version="1.0" encoding="UTF-8"?>
<testng-results ignored="1" total="2" passed="1" failed="0" skipped="0">
  <reporter-output>
  </reporter-output>
  <suite started-at="2022-10-21T23:40:32 BST" name="Default suite" finished-at="2022-10-21T23:40:33 BST" duration-ms="1250">
    <groups>
    </groups>
    <test started-at="2022-10-21T23:40:32 BST" name="Default test" finished-at="2022-10-21T23:40:33 BST" duration-ms="1250">
      <class name="com.testcases.API">
        <test-method is-config="true" signature="loadProp()[pri:0, instance:com.testcases.API@6c7a164b]" started-at="2022-10-21T23:40:32 BST" name="loadProp" finished-at="2022-10-21T23:40:32 BST" duration-ms="4" status="PASS">
          <reporter-output>
          </reporter-output>
        </test-method> <!-- loadProp -->
        <test-method signature="postData()[pri:0, instance:com.testcases.API@6c7a164b]" started-at="2022-10-21T23:40:32 BST" name="postData" finished-at="2022-10-21T23:40:33 BST" duration-ms="1231" status="PASS">
          <reporter-output>
          </reporter-output>
        </test-method> <!-- postData -->
      </class> <!-- com.testcases.API -->
    </test> <!-- Default test -->
  </suite> <!-- Default suite -->
</testng-results>
